<?xml version="1.0" encoding="UTF-8"?>
<!-- Generated by org.testng.reporters.JUnitXMLReporter -->
<testsuite ignored="4" hostname="DESKTOP-U2PE9Q1" failures="0" tests="1" name="ChromeTest" time="162.759" errors="0" timestamp="2025-01-28T13:39:53 IST">
  <testcase classname="org.QAfoxProject.Desktops.Desktops_Mac_Test" name="addProduct_Desktops_Mac" time="37.271"/>
  <testcase classname="org.QAfoxProject.GenericUtility.BaseConfiguration" name="@BeforeSuite getReportConnection" time="0.0">
    <ignored/>
  </testcase> <!-- @BeforeSuite getReportConnection -->
  <testcase classname="org.QAfoxProject.GenericUtility.BaseConfiguration" name="@AfterSuite terminateReportConnection" time="0.0">
    <ignored/>
  </testcase> <!-- @AfterSuite terminateReportConnection -->
  <testcase classname="org.QAfoxProject.GenericUtility.BaseConfiguration" name="@AfterTest terminatetestRunnerConnection" time="0.0">
    <ignored/>
  </testcase> <!-- @AfterTest terminatetestRunnerConnection -->
  <testcase classname="org.QAfoxProject.GenericUtility.BaseConfiguration" name="@BeforeTest getTestRunnerConnection" time="0.0">
    <ignored/>
  </testcase> <!-- @BeforeTest getTestRunnerConnection -->
</testsuite> <!-- ChromeTest -->
